2025-07-04 13:24:17,600 | INFO | __main__ | ============================================================
2025-07-04 13:24:17,600 | INFO | __main__ | TT Continuous Fill Monitor
2025-07-04 13:24:17,600 | INFO | __main__ | ============================================================
2025-07-04 13:24:17,600 | INFO | __main__ | Environment: SIM
2025-07-04 13:24:17,600 | INFO | __main__ | Poll interval: 10 seconds
2025-07-04 13:24:17,601 | INFO | __main__ | Output directory: C:\Users\YamanSanghavi\Desktop\scenario_ladder_standalone\data\output\ladder
2025-07-04 13:24:17,601 | INFO | __main__ | Max retries: 5
2025-07-04 13:24:17,601 | INFO | __main__ | ============================================================
2025-07-04 13:24:17,601 | INFO | __main__ | Press Ctrl+C to stop monitoring
2025-07-04 13:24:17,601 | INFO | __main__ | ============================================================
2025-07-04 13:24:17,602 | INFO | __main__ | Starting Fill Monitor...
2025-07-04 13:24:17,603 | INFO | __main__ | Token manager initialized successfully
2025-07-04 13:24:18,525 | INFO | __main__ | Retrieved 281 fills from API
2025-07-04 13:24:19,926 | INFO | __main__ | Saved 281 fills to CSV
2025-07-04 13:24:19,927 | INFO | __main__ | Processed 281 new fills. Latest timestamp: 1751641706706259570
2025-07-04 13:24:30,191 | INFO | __main__ | Retrieved 1 fills from API
2025-07-04 13:25:26,507 | INFO | __main__ | ============================================================
2025-07-04 13:25:26,508 | INFO | __main__ | TT Continuous Fill Monitor
2025-07-04 13:25:26,509 | INFO | __main__ | ============================================================
2025-07-04 13:25:26,509 | INFO | __main__ | Environment: SIM
2025-07-04 13:25:26,509 | INFO | __main__ | Poll interval: 10 seconds
2025-07-04 13:25:26,509 | INFO | __main__ | Output directory: C:\Users\YamanSanghavi\Desktop\scenario_ladder_standalone\data\output\ladder
2025-07-04 13:25:26,509 | INFO | __main__ | Max retries: 5
2025-07-04 13:25:26,510 | INFO | __main__ | ============================================================
2025-07-04 13:25:26,510 | INFO | __main__ | Press Ctrl+C to stop monitoring
2025-07-04 13:25:26,510 | INFO | __main__ | ============================================================
2025-07-04 13:25:26,516 | INFO | __main__ | Initialized CSV file: C:\Users\YamanSanghavi\Desktop\scenario_ladder_standalone\data\output\ladder\continuous_fills.csv
2025-07-04 13:25:26,517 | INFO | __main__ | Starting Fill Monitor...
2025-07-04 13:25:26,518 | INFO | __main__ | Token manager initialized successfully
2025-07-04 13:25:27,574 | INFO | __main__ | Retrieved 281 fills from API
2025-07-04 13:25:28,073 | INFO | __main__ | Saved 281 fills to CSV
2025-07-04 13:25:28,073 | INFO | __main__ | Processed 281 new fills. Latest timestamp: 1751641706706259570
2025-07-04 13:25:38,269 | INFO | __main__ | Retrieved 1 fills from API
2025-07-04 13:25:48,516 | INFO | __main__ | Retrieved 1 fills from API
2025-07-04 13:25:58,996 | INFO | __main__ | Retrieved 1 fills from API
2025-07-04 13:26:09,268 | INFO | __main__ | Retrieved 1 fills from API
2025-07-04 13:26:19,659 | INFO | __main__ | Retrieved 1 fills from API
2025-07-04 13:26:29,932 | INFO | __main__ | Retrieved 1 fills from API
2025-07-04 13:26:40,128 | INFO | __main__ | Retrieved 1 fills from API
2025-07-04 13:26:50,407 | INFO | __main__ | Retrieved 1 fills from API
2025-07-04 13:27:00,697 | INFO | __main__ | Retrieved 1 fills from API
2025-07-04 13:27:10,990 | INFO | __main__ | Retrieved 1 fills from API
2025-07-04 13:27:21,233 | INFO | __main__ | Retrieved 1 fills from API
2025-07-04 13:27:31,491 | INFO | __main__ | Retrieved 1 fills from API
2025-07-04 13:27:41,873 | INFO | __main__ | Retrieved 1 fills from API
2025-07-04 13:27:52,140 | INFO | __main__ | Retrieved 1 fills from API
2025-07-04 13:28:02,441 | INFO | __main__ | Retrieved 1 fills from API
2025-07-04 13:28:12,649 | INFO | __main__ | Retrieved 1 fills from API
2025-07-04 13:28:22,865 | INFO | __main__ | Retrieved 1 fills from API
2025-07-04 13:28:33,150 | INFO | __main__ | Retrieved 1 fills from API
2025-07-04 13:28:43,361 | INFO | __main__ | Retrieved 1 fills from API
2025-07-04 13:28:53,603 | INFO | __main__ | Retrieved 1 fills from API
2025-07-04 13:29:04,080 | INFO | __main__ | Retrieved 1 fills from API
2025-07-04 13:29:14,375 | INFO | __main__ | Retrieved 1 fills from API
2025-07-04 13:34:47,092 | INFO | __main__ | ============================================================
2025-07-04 13:34:47,093 | INFO | __main__ | TT Continuous Fill Monitor
2025-07-04 13:34:47,094 | INFO | __main__ | ============================================================
2025-07-04 13:34:47,094 | INFO | __main__ | Environment: SIM
2025-07-04 13:34:47,095 | INFO | __main__ | Poll interval: 10 seconds
2025-07-04 13:34:47,095 | INFO | __main__ | Output directory: C:\Users\YamanSanghavi\Desktop\scenario_ladder_standalone\data\output\ladder
2025-07-04 13:34:47,096 | INFO | __main__ | Max retries: 5
2025-07-04 13:34:47,096 | INFO | __main__ | ============================================================
2025-07-04 13:34:47,097 | INFO | __main__ | Press Ctrl+C to stop monitoring
2025-07-04 13:34:47,097 | INFO | __main__ | ============================================================
2025-07-04 13:34:47,099 | INFO | __main__ | Starting Fill Monitor...
2025-07-04 13:34:47,101 | INFO | __main__ | Token manager initialized successfully
2025-07-04 13:34:48,936 | INFO | __main__ | Retrieved 281 fills from API
2025-07-04 13:34:50,241 | INFO | __main__ | Saved 281 fills to CSV
2025-07-04 13:34:50,242 | INFO | __main__ | Processed 281 new fills. Latest timestamp: 1751641706706259570
2025-07-04 13:35:00,617 | INFO | __main__ | Retrieved 1 fills from API
2025-07-04 14:40:20,474 | INFO | __main__ | ============================================================
2025-07-04 14:40:20,475 | INFO | __main__ | TT Continuous Fill Monitor
2025-07-04 14:40:20,475 | INFO | __main__ | ============================================================
2025-07-04 14:40:20,475 | INFO | __main__ | Environment: SIM
2025-07-04 14:40:20,476 | INFO | __main__ | Poll interval: 10 seconds
2025-07-04 14:40:20,476 | INFO | __main__ | Output directory: C:\Users\YamanSanghavi\Desktop\scenario_ladder_standalone\data\output\ladder
2025-07-04 14:40:20,476 | INFO | __main__ | Max retries: 2
2025-07-04 14:40:20,477 | INFO | __main__ | ============================================================
2025-07-04 14:40:20,477 | INFO | __main__ | Press Ctrl+C to stop monitoring
2025-07-04 14:40:20,477 | INFO | __main__ | ============================================================
2025-07-04 14:40:20,481 | INFO | __main__ | Initialized CSV file: C:\Users\YamanSanghavi\Desktop\scenario_ladder_standalone\data\output\ladder\continuous_fills.csv
2025-07-04 14:40:20,482 | INFO | __main__ | Starting Fill Monitor...
2025-07-04 14:40:20,484 | INFO | __main__ | Token manager initialized successfully
2025-07-04 14:40:22,676 | INFO | __main__ | Retrieved 281 fills from API
2025-07-04 14:40:24,019 | INFO | __main__ | Saved 281 fills to CSV
2025-07-04 14:40:24,020 | INFO | __main__ | Processed 281 new fills. Latest timestamp: 1751641706706259570
2025-07-04 14:40:34,432 | INFO | __main__ | Retrieved 1 fills from API
2025-07-04 14:40:44,668 | INFO | __main__ | Retrieved 1 fills from API
2025-07-04 14:40:55,735 | INFO | __main__ | Retrieved 1 fills from API
2025-07-04 14:41:06,160 | INFO | __main__ | Retrieved 1 fills from API
2025-07-04 14:41:16,477 | INFO | __main__ | Retrieved 1 fills from API
2025-07-04 14:41:26,733 | INFO | __main__ | Retrieved 1 fills from API
2025-07-04 14:41:36,990 | INFO | __main__ | Retrieved 1 fills from API
2025-07-04 14:41:47,303 | INFO | __main__ | Retrieved 1 fills from API
2025-07-04 14:41:57,575 | INFO | __main__ | Retrieved 1 fills from API
2025-07-04 14:42:07,796 | INFO | __main__ | Retrieved 1 fills from API
2025-07-04 14:42:17,998 | INFO | __main__ | Retrieved 1 fills from API
2025-07-04 14:42:28,214 | INFO | __main__ | Retrieved 1 fills from API
2025-07-04 14:42:38,477 | INFO | __main__ | Retrieved 1 fills from API
2025-07-04 14:42:48,704 | INFO | __main__ | Retrieved 1 fills from API
2025-07-04 14:42:58,908 | INFO | __main__ | Retrieved 1 fills from API
2025-07-04 14:50:33,912 | INFO | __main__ | ============================================================
2025-07-04 14:50:33,913 | INFO | __main__ | TT Continuous Fill Monitor
2025-07-04 14:50:33,914 | INFO | __main__ | ============================================================
2025-07-04 14:50:33,914 | INFO | __main__ | Environment: SIM
2025-07-04 14:50:33,914 | INFO | __main__ | Poll interval: 10 seconds
2025-07-04 14:50:33,915 | INFO | __main__ | Output directory: C:\Users\YamanSanghavi\Desktop\scenario_ladder_standalone\data\output\ladder
2025-07-04 14:50:33,915 | INFO | __main__ | Max retries: 5
2025-07-04 14:50:33,915 | INFO | __main__ | ============================================================
2025-07-04 14:50:33,916 | INFO | __main__ | Press Ctrl+C to stop monitoring
2025-07-04 14:50:33,917 | INFO | __main__ | ============================================================
2025-07-04 14:50:33,929 | INFO | __main__ | Starting Fill Monitor...
2025-07-04 14:50:33,930 | INFO | __main__ | Token manager initialized successfully
2025-07-04 14:50:33,939 | INFO | __main__ | Resuming from timestamp: 1751641706706259570
2025-07-04 14:50:35,138 | INFO | __main__ | Retrieved 1 fills from API
2025-07-04 14:50:45,586 | INFO | __main__ | Retrieved 1 fills from API
2025-07-04 14:50:55,979 | INFO | __main__ | Retrieved 1 fills from API
2025-07-04 14:51:06,399 | INFO | __main__ | Retrieved 1 fills from API
2025-07-04 14:51:16,656 | INFO | __main__ | Retrieved 1 fills from API
2025-07-04 14:51:26,881 | INFO | __main__ | Retrieved 1 fills from API
2025-07-04 14:51:37,134 | INFO | __main__ | Retrieved 1 fills from API
2025-07-04 14:51:47,371 | INFO | __main__ | Retrieved 1 fills from API
2025-07-04 14:51:57,582 | INFO | __main__ | Retrieved 1 fills from API
2025-07-04 14:52:07,775 | INFO | __main__ | Retrieved 1 fills from API
2025-07-04 14:52:17,972 | INFO | __main__ | Retrieved 1 fills from API
2025-07-04 14:52:28,228 | INFO | __main__ | Retrieved 1 fills from API
2025-07-04 14:52:38,433 | INFO | __main__ | Retrieved 1 fills from API
2025-07-04 14:52:48,626 | INFO | __main__ | Retrieved 1 fills from API
2025-07-04 14:52:58,856 | INFO | __main__ | Retrieved 1 fills from API
2025-07-04 14:53:09,027 | INFO | __main__ | Retrieved 1 fills from API
2025-07-04 14:53:19,307 | INFO | __main__ | Retrieved 1 fills from API
2025-07-04 14:53:29,540 | INFO | __main__ | Retrieved 1 fills from API
2025-07-04 14:53:39,749 | INFO | __main__ | ============================================================
2025-07-04 14:53:39,750 | INFO | __main__ | TT Continuous Fill Monitor
2025-07-04 14:53:39,750 | INFO | __main__ | ============================================================
2025-07-04 14:53:39,751 | INFO | __main__ | Environment: SIM
2025-07-04 14:53:39,751 | INFO | __main__ | Poll interval: 10 seconds
2025-07-04 14:53:39,752 | INFO | __main__ | Output directory: C:\Users\YamanSanghavi\Desktop\scenario_ladder_standalone\data\output\ladder
2025-07-04 14:53:39,752 | INFO | __main__ | Max retries: 5
2025-07-04 14:53:39,753 | INFO | __main__ | ============================================================
2025-07-04 14:53:39,753 | INFO | __main__ | Press Ctrl+C to stop monitoring
2025-07-04 14:53:39,754 | INFO | __main__ | ============================================================
2025-07-04 14:53:39,772 | INFO | __main__ | Starting Fill Monitor...
2025-07-04 14:53:39,774 | INFO | __main__ | Token manager initialized successfully
2025-07-04 14:53:39,783 | INFO | __main__ | Resuming from timestamp: 1751641706706259570
2025-07-04 14:53:40,091 | INFO | __main__ | Retrieved 1 fills from API
2025-07-04 14:53:50,319 | INFO | __main__ | Retrieved 1 fills from API
2025-07-04 14:54:00,568 | INFO | __main__ | Retrieved 1 fills from API
2025-07-04 14:54:10,793 | INFO | __main__ | Retrieved 1 fills from API
2025-07-04 14:54:21,064 | INFO | __main__ | Retrieved 1 fills from API
2025-07-04 14:54:31,248 | INFO | __main__ | Retrieved 1 fills from API
2025-07-04 14:54:41,498 | INFO | __main__ | Retrieved 1 fills from API
2025-07-04 14:54:51,771 | INFO | __main__ | Retrieved 1 fills from API
2025-07-04 14:55:02,014 | INFO | __main__ | Retrieved 1 fills from API
2025-07-04 14:55:12,224 | INFO | __main__ | Retrieved 1 fills from API
2025-07-04 14:55:22,483 | INFO | __main__ | Retrieved 1 fills from API
2025-07-04 14:55:32,733 | INFO | __main__ | Retrieved 1 fills from API
2025-07-04 14:55:43,005 | INFO | __main__ | Retrieved 1 fills from API
2025-07-04 14:55:53,214 | INFO | __main__ | Retrieved 1 fills from API
2025-07-04 14:56:03,633 | INFO | __main__ | Retrieved 1 fills from API
2025-07-04 14:56:13,873 | INFO | __main__ | Retrieved 1 fills from API
2025-07-04 14:56:39,924 | INFO | __main__ | ============================================================
2025-07-04 14:56:39,924 | INFO | __main__ | TT Continuous Fill Monitor
2025-07-04 14:56:39,925 | INFO | __main__ | ============================================================
2025-07-04 14:56:39,925 | INFO | __main__ | Environment: SIM
2025-07-04 14:56:39,925 | INFO | __main__ | Poll interval: 30 seconds
2025-07-04 14:56:39,925 | INFO | __main__ | Output directory: C:\Users\YamanSanghavi\Desktop\scenario_ladder_standalone\data\output\ladder
2025-07-04 14:56:39,926 | INFO | __main__ | Max retries: 5
2025-07-04 14:56:39,926 | INFO | __main__ | ============================================================
2025-07-04 14:56:39,926 | INFO | __main__ | Press Ctrl+C to stop monitoring
2025-07-04 14:56:39,926 | INFO | __main__ | ============================================================
2025-07-04 14:56:39,929 | INFO | __main__ | Initialized CSV file: C:\Users\YamanSanghavi\Desktop\scenario_ladder_standalone\data\output\ladder\continuous_fills.csv
2025-07-04 14:56:39,929 | INFO | __main__ | Starting Fill Monitor...
2025-07-04 14:56:39,930 | INFO | __main__ | Token manager initialized successfully
2025-07-04 14:56:41,102 | INFO | __main__ | Retrieved 281 fills from API
2025-07-04 14:56:41,571 | INFO | __main__ | Successfully loaded market enums
2025-07-04 14:59:51,639 | INFO | __main__ | ============================================================
2025-07-04 14:59:51,640 | INFO | __main__ | TT Continuous Fill Monitor
2025-07-04 14:59:51,641 | INFO | __main__ | ============================================================
2025-07-04 14:59:51,641 | INFO | __main__ | Environment: SIM
2025-07-04 14:59:51,642 | INFO | __main__ | Poll interval: 60 seconds
2025-07-04 14:59:51,642 | INFO | __main__ | Output directory: C:\Users\YamanSanghavi\Desktop\scenario_ladder_standalone\data\output\ladder
2025-07-04 14:59:51,643 | INFO | __main__ | Max retries: 5
2025-07-04 14:59:51,643 | INFO | __main__ | ============================================================
2025-07-04 14:59:51,644 | INFO | __main__ | Press Ctrl+C to stop monitoring
2025-07-04 14:59:51,645 | INFO | __main__ | ============================================================
2025-07-04 14:59:51,650 | INFO | __main__ | Initialized CSV file: C:\Users\YamanSanghavi\Desktop\scenario_ladder_standalone\data\output\ladder\continuous_fills.csv
2025-07-04 14:59:51,651 | INFO | __main__ | Starting Fill Monitor...
2025-07-04 14:59:51,653 | INFO | __main__ | Token manager initialized successfully
2025-07-04 14:59:51,653 | INFO | __main__ | Fetching ALL historical data from the beginning
2025-07-04 14:59:52,451 | INFO | __main__ | Retrieved 281 fills from API
2025-07-04 14:59:52,857 | INFO | __main__ | Successfully loaded market enums
2025-07-04 15:01:10,602 | INFO | __main__ | Saved 281 fills to CSV
2025-07-04 15:01:10,603 | INFO | __main__ | Processed 281 new fills. Latest timestamp: 1751641706706259570
2025-07-04 15:22:37,926 | INFO | __main__ | ============================================================
2025-07-04 15:22:37,927 | INFO | __main__ | TT Continuous Fill Monitor
2025-07-04 15:22:37,927 | INFO | __main__ | ============================================================
2025-07-04 15:22:37,927 | INFO | __main__ | Environment: SIM
2025-07-04 15:22:37,927 | INFO | __main__ | Poll interval: 10 seconds
2025-07-04 15:22:37,927 | INFO | __main__ | Output directory: C:\Users\YamanSanghavi\Desktop\scenario_ladder_standalone\data\output\ladder
2025-07-04 15:22:37,927 | INFO | __main__ | Max retries: 5
2025-07-04 15:22:37,928 | INFO | __main__ | ============================================================
2025-07-04 15:22:37,928 | INFO | __main__ | Press Ctrl+C to stop monitoring
2025-07-04 15:22:37,928 | INFO | __main__ | ============================================================
2025-07-04 15:22:37,935 | INFO | __main__ | Starting Fill Monitor...
2025-07-04 15:22:37,936 | INFO | __main__ | Token manager initialized successfully
2025-07-04 15:22:37,942 | INFO | __main__ | Resuming from timestamp: 1751641706706259570
2025-07-04 15:22:39,419 | INFO | __main__ | Retrieved 1 fills from API
2025-07-04 15:22:49,758 | INFO | __main__ | Retrieved 1 fills from API
2025-07-04 15:23:00,167 | INFO | __main__ | Retrieved 2 fills from API
2025-07-04 15:23:01,503 | INFO | __main__ | Successfully loaded market enums
2025-07-04 15:23:03,889 | INFO | __main__ | Saved 1 fills to CSV
2025-07-04 15:23:03,890 | INFO | __main__ | Processed 1 new fills. Latest timestamp: 1751656978723817027
2025-07-04 15:24:31,024 | INFO | __main__ | ============================================================
2025-07-04 15:24:31,025 | INFO | __main__ | TT Continuous Fill Monitor
2025-07-04 15:24:31,026 | INFO | __main__ | ============================================================
2025-07-04 15:24:31,026 | INFO | __main__ | Environment: SIM
2025-07-04 15:24:31,026 | INFO | __main__ | Poll interval: 10 seconds
2025-07-04 15:24:31,027 | INFO | __main__ | Output directory: C:\Users\YamanSanghavi\Desktop\scenario_ladder_standalone\data\output\ladder
2025-07-04 15:24:31,027 | INFO | __main__ | Max retries: 5
2025-07-04 15:24:31,027 | INFO | __main__ | ============================================================
2025-07-04 15:24:31,028 | INFO | __main__ | Press Ctrl+C to stop monitoring
2025-07-04 15:24:31,028 | INFO | __main__ | ============================================================
2025-07-04 15:24:31,046 | INFO | __main__ | Starting Fill Monitor...
2025-07-04 15:24:31,047 | INFO | __main__ | Token manager initialized successfully
2025-07-04 15:24:31,058 | INFO | __main__ | Resuming from timestamp: 1751656978723817027
2025-07-04 15:24:31,428 | INFO | __main__ | Retrieved 2 fills from API
2025-07-04 15:24:31,850 | INFO | __main__ | Successfully loaded market enums
2025-07-04 15:24:33,514 | INFO | __main__ | Saved 1 fills to CSV
2025-07-04 15:24:33,514 | INFO | __main__ | Processed 1 new fills. Latest timestamp: 1751657003349136775
2025-07-04 15:24:43,873 | INFO | __main__ | Retrieved 1 fills from API
2025-07-04 15:24:54,098 | INFO | __main__ | Retrieved 2 fills from API
2025-07-04 15:24:54,350 | INFO | __main__ | Saved 1 fills to CSV
2025-07-04 15:24:54,350 | INFO | __main__ | Processed 1 new fills. Latest timestamp: 1751657093725840393
2025-07-04 15:25:04,774 | INFO | __main__ | Retrieved 2 fills from API
2025-07-04 15:25:05,048 | INFO | __main__ | Saved 1 fills to CSV
2025-07-04 15:25:05,049 | INFO | __main__ | Processed 1 new fills. Latest timestamp: 1751657102649359271
2025-07-04 15:25:15,300 | INFO | __main__ | Retrieved 1 fills from API
2025-07-04 15:25:25,580 | INFO | __main__ | Retrieved 1 fills from API
2025-07-04 15:25:35,888 | INFO | __main__ | Retrieved 1 fills from API
2025-07-04 15:25:46,163 | INFO | __main__ | Retrieved 1 fills from API
2025-07-04 15:25:56,427 | INFO | __main__ | Retrieved 1 fills from API
2025-07-04 15:26:06,713 | INFO | __main__ | Retrieved 1 fills from API
2025-07-04 16:01:55,267 | INFO | __main__ | ============================================================
2025-07-04 16:01:55,267 | INFO | __main__ | TT Continuous Fill Monitor
2025-07-04 16:01:55,268 | INFO | __main__ | ============================================================
2025-07-04 16:01:55,268 | INFO | __main__ | Environment: SIM
2025-07-04 16:01:55,268 | INFO | __main__ | Poll interval: 10 seconds
2025-07-04 16:01:55,268 | INFO | __main__ | Output directory: C:\Users\YamanSanghavi\Desktop\scenario_ladder_standalone\data\output\ladder
2025-07-04 16:01:55,268 | INFO | __main__ | Max retries: 5
2025-07-04 16:01:55,268 | INFO | __main__ | ============================================================
2025-07-04 16:01:55,268 | INFO | __main__ | Press Ctrl+C to stop monitoring
2025-07-04 16:01:55,268 | INFO | __main__ | ============================================================
2025-07-04 16:01:55,276 | INFO | __main__ | Starting Fill Monitor...
2025-07-04 16:01:55,277 | INFO | __main__ | Token manager initialized successfully
2025-07-04 16:01:55,284 | INFO | __main__ | Resuming from timestamp: 1751657102649359271
2025-07-04 16:01:55,920 | INFO | __main__ | Retrieved 2 fills from API
2025-07-04 16:01:57,232 | INFO | __main__ | Successfully loaded market enums
2025-07-04 16:01:59,716 | INFO | __main__ | Saved 1 fills to CSV
2025-07-04 16:01:59,717 | INFO | __main__ | Processed 1 new fills. Latest timestamp: 1751658106068451690
2025-07-04 16:02:10,175 | INFO | __main__ | Retrieved 1 fills from API
2025-07-04 16:02:20,469 | INFO | __main__ | Retrieved 1 fills from API
2025-07-04 16:02:30,849 | INFO | __main__ | Retrieved 1 fills from API
2025-07-04 16:02:41,211 | INFO | __main__ | Retrieved 1 fills from API
2025-07-04 16:02:51,429 | INFO | __main__ | Retrieved 1 fills from API
2025-07-04 16:03:01,672 | INFO | __main__ | Retrieved 1 fills from API
2025-07-04 16:03:11,895 | INFO | __main__ | Retrieved 1 fills from API
2025-07-04 16:03:22,179 | INFO | __main__ | Retrieved 1 fills from API
2025-07-04 16:03:32,391 | INFO | __main__ | Retrieved 1 fills from API
2025-07-04 16:03:42,662 | INFO | __main__ | Retrieved 1 fills from API
2025-07-04 16:03:52,936 | INFO | __main__ | Retrieved 1 fills from API
2025-07-04 16:04:03,228 | INFO | __main__ | Retrieved 1 fills from API
2025-07-04 16:04:13,459 | INFO | __main__ | Retrieved 1 fills from API
2025-07-04 16:04:23,676 | INFO | __main__ | Retrieved 1 fills from API
2025-07-04 16:04:33,916 | INFO | __main__ | Retrieved 1 fills from API
2025-07-04 16:04:44,164 | INFO | __main__ | Retrieved 1 fills from API
2025-07-04 16:04:54,375 | INFO | __main__ | Retrieved 1 fills from API
2025-07-04 16:05:04,595 | INFO | __main__ | Retrieved 1 fills from API
2025-07-04 16:05:14,829 | INFO | __main__ | Retrieved 1 fills from API
2025-07-04 16:05:25,046 | INFO | __main__ | Retrieved 1 fills from API
2025-07-04 16:05:35,290 | INFO | __main__ | Retrieved 1 fills from API
2025-07-04 16:05:45,580 | INFO | __main__ | Retrieved 1 fills from API
2025-07-04 16:05:55,848 | INFO | __main__ | Retrieved 1 fills from API
2025-07-04 16:06:06,061 | INFO | __main__ | Retrieved 1 fills from API
2025-07-04 16:06:16,297 | INFO | __main__ | Retrieved 1 fills from API
2025-07-04 16:06:26,516 | INFO | __main__ | Retrieved 1 fills from API
2025-07-04 16:06:36,824 | INFO | __main__ | Retrieved 1 fills from API
2025-07-04 16:06:47,090 | INFO | __main__ | Retrieved 1 fills from API
2025-07-04 16:06:57,284 | INFO | __main__ | Retrieved 1 fills from API
2025-07-04 16:07:07,559 | INFO | __main__ | Retrieved 1 fills from API
2025-07-04 16:07:17,917 | INFO | __main__ | Retrieved 1 fills from API
2025-07-04 16:07:28,195 | INFO | __main__ | Retrieved 1 fills from API
2025-07-04 16:07:38,609 | INFO | __main__ | Retrieved 1 fills from API
2025-07-04 16:07:48,906 | INFO | __main__ | Retrieved 1 fills from API
2025-07-04 16:07:59,364 | INFO | __main__ | Retrieved 1 fills from API
2025-07-04 16:08:09,754 | INFO | __main__ | Retrieved 1 fills from API
2025-07-04 16:08:20,032 | INFO | __main__ | Retrieved 1 fills from API
2025-07-04 16:08:30,258 | INFO | __main__ | Retrieved 1 fills from API
2025-07-04 16:08:40,541 | INFO | __main__ | Retrieved 1 fills from API
2025-07-04 16:08:50,811 | INFO | __main__ | Retrieved 1 fills from API
2025-07-04 16:09:01,055 | INFO | __main__ | Retrieved 1 fills from API
2025-07-04 16:09:11,487 | INFO | __main__ | Retrieved 1 fills from API
2025-07-04 16:09:21,691 | INFO | __main__ | Retrieved 1 fills from API
2025-07-04 16:09:31,939 | INFO | __main__ | Retrieved 1 fills from API
2025-07-04 16:09:42,144 | INFO | __main__ | Retrieved 1 fills from API
2025-07-04 16:09:52,390 | INFO | __main__ | Retrieved 1 fills from API
2025-07-04 16:10:02,601 | INFO | __main__ | Retrieved 1 fills from API
2025-07-04 16:10:12,823 | INFO | __main__ | Retrieved 1 fills from API
2025-07-04 16:10:23,025 | INFO | __main__ | Retrieved 1 fills from API
2025-07-04 16:10:33,292 | INFO | __main__ | Retrieved 1 fills from API
2025-07-04 16:10:43,570 | INFO | __main__ | Retrieved 1 fills from API
2025-07-04 16:10:53,862 | INFO | __main__ | Retrieved 1 fills from API
2025-07-04 16:11:04,095 | INFO | __main__ | Retrieved 1 fills from API
2025-07-04 16:11:14,310 | INFO | __main__ | Retrieved 1 fills from API
2025-07-04 16:11:24,510 | INFO | __main__ | Retrieved 1 fills from API
2025-07-04 16:11:34,761 | INFO | __main__ | Retrieved 1 fills from API
2025-07-04 16:11:45,058 | INFO | __main__ | Retrieved 1 fills from API
2025-07-04 16:11:55,340 | INFO | __main__ | Retrieved 1 fills from API
2025-07-04 16:12:05,615 | INFO | __main__ | Retrieved 1 fills from API
2025-07-04 16:12:15,848 | INFO | __main__ | Retrieved 1 fills from API
2025-07-04 16:12:26,058 | INFO | __main__ | Retrieved 1 fills from API
2025-07-04 16:12:36,278 | INFO | __main__ | Retrieved 1 fills from API
2025-07-04 16:12:46,581 | INFO | __main__ | Retrieved 1 fills from API
2025-07-04 16:12:56,863 | INFO | __main__ | Retrieved 1 fills from API
2025-07-04 16:13:07,078 | INFO | __main__ | Retrieved 1 fills from API
2025-07-04 16:13:17,298 | INFO | __main__ | Retrieved 1 fills from API
2025-07-04 16:13:27,728 | INFO | __main__ | Retrieved 1 fills from API
2025-07-04 16:13:37,952 | INFO | __main__ | Retrieved 1 fills from API
2025-07-04 16:13:48,190 | INFO | __main__ | Retrieved 1 fills from API
2025-07-04 16:13:58,425 | INFO | __main__ | Retrieved 1 fills from API
2025-07-04 16:14:08,895 | INFO | __main__ | Retrieved 1 fills from API
2025-07-04 16:14:19,337 | INFO | __main__ | Retrieved 1 fills from API
2025-07-04 16:14:29,560 | INFO | __main__ | Retrieved 1 fills from API
2025-07-04 16:14:39,798 | INFO | __main__ | Retrieved 1 fills from API
2025-07-04 16:14:50,256 | INFO | __main__ | Retrieved 1 fills from API
2025-07-04 16:15:00,461 | INFO | __main__ | Retrieved 1 fills from API
2025-07-04 16:15:10,677 | INFO | __main__ | Retrieved 1 fills from API
2025-07-04 16:15:20,960 | INFO | __main__ | Retrieved 1 fills from API
2025-07-04 16:15:31,194 | INFO | __main__ | Retrieved 1 fills from API
2025-07-04 16:15:41,428 | INFO | __main__ | Retrieved 1 fills from API
2025-07-04 16:15:51,628 | INFO | __main__ | Retrieved 1 fills from API
2025-07-04 16:16:01,866 | INFO | __main__ | Retrieved 1 fills from API
2025-07-04 16:16:12,102 | INFO | __main__ | Retrieved 1 fills from API
2025-07-04 16:16:22,385 | INFO | __main__ | Retrieved 1 fills from API
2025-07-04 16:16:32,668 | INFO | __main__ | Retrieved 1 fills from API
2025-07-04 16:16:42,969 | INFO | __main__ | Retrieved 1 fills from API
2025-07-04 16:16:53,266 | INFO | __main__ | Retrieved 1 fills from API
2025-07-04 16:17:03,548 | INFO | __main__ | Retrieved 1 fills from API
2025-07-04 16:17:13,807 | INFO | __main__ | Retrieved 1 fills from API
2025-07-04 16:17:24,060 | INFO | __main__ | Retrieved 1 fills from API
2025-07-04 16:17:34,323 | INFO | __main__ | Retrieved 1 fills from API
2025-07-04 16:17:44,530 | INFO | __main__ | Retrieved 1 fills from API
2025-07-04 16:17:54,795 | INFO | __main__ | Retrieved 1 fills from API
2025-07-04 16:18:05,007 | INFO | __main__ | Retrieved 1 fills from API
2025-07-04 16:18:15,226 | INFO | __main__ | Retrieved 1 fills from API
2025-07-04 16:18:25,489 | INFO | __main__ | Retrieved 1 fills from API
2025-07-04 16:18:35,790 | INFO | __main__ | Retrieved 1 fills from API
2025-07-04 16:18:46,088 | INFO | __main__ | Retrieved 1 fills from API
2025-07-04 16:18:56,484 | INFO | __main__ | Retrieved 1 fills from API
2025-07-04 16:19:06,716 | INFO | __main__ | Retrieved 1 fills from API
2025-07-04 16:19:17,178 | INFO | __main__ | Retrieved 1 fills from API
2025-07-04 16:19:27,446 | INFO | __main__ | Retrieved 1 fills from API
2025-07-04 16:19:37,650 | INFO | __main__ | Retrieved 1 fills from API
2025-07-04 16:19:47,892 | INFO | __main__ | Retrieved 1 fills from API
2025-07-04 16:19:58,326 | INFO | __main__ | Retrieved 1 fills from API
2025-07-04 16:20:08,622 | INFO | __main__ | Retrieved 1 fills from API
2025-07-04 16:20:18,895 | INFO | __main__ | Retrieved 1 fills from API
2025-07-04 16:20:29,126 | INFO | __main__ | Retrieved 1 fills from API
2025-07-04 16:20:39,492 | INFO | __main__ | Retrieved 1 fills from API
2025-07-04 16:20:49,701 | INFO | __main__ | Retrieved 1 fills from API
2025-07-04 16:20:59,934 | INFO | __main__ | Retrieved 1 fills from API
2025-07-04 16:21:10,195 | INFO | __main__ | Retrieved 1 fills from API
2025-07-04 16:21:20,416 | INFO | __main__ | Retrieved 1 fills from API
2025-07-04 16:21:30,654 | INFO | __main__ | Retrieved 1 fills from API
2025-07-04 16:21:40,933 | INFO | __main__ | Retrieved 1 fills from API
2025-07-04 16:21:51,409 | INFO | __main__ | Retrieved 1 fills from API
2025-07-04 16:22:01,627 | INFO | __main__ | Retrieved 1 fills from API
2025-07-04 16:22:11,869 | INFO | __main__ | Retrieved 1 fills from API
2025-07-04 16:22:22,135 | INFO | __main__ | Retrieved 1 fills from API
2025-07-04 16:22:32,364 | INFO | __main__ | Retrieved 1 fills from API
2025-07-04 16:22:42,562 | INFO | __main__ | Retrieved 1 fills from API
2025-07-04 16:22:52,853 | INFO | __main__ | Retrieved 1 fills from API
2025-07-04 16:23:03,059 | INFO | __main__ | Retrieved 1 fills from API
2025-07-04 16:23:13,330 | INFO | __main__ | Retrieved 1 fills from API
2025-07-04 16:23:23,601 | INFO | __main__ | Retrieved 1 fills from API
2025-07-04 16:23:33,864 | INFO | __main__ | Retrieved 1 fills from API
2025-07-04 16:23:44,071 | INFO | __main__ | Retrieved 1 fills from API
2025-07-04 16:23:54,398 | INFO | __main__ | Retrieved 1 fills from API
2025-07-04 16:24:04,811 | INFO | __main__ | Retrieved 1 fills from API
2025-07-04 16:24:15,062 | INFO | __main__ | Retrieved 1 fills from API
2025-07-04 16:24:25,313 | INFO | __main__ | Retrieved 1 fills from API
2025-07-04 16:24:35,520 | INFO | __main__ | Retrieved 1 fills from API
2025-07-04 16:24:45,942 | INFO | __main__ | Retrieved 1 fills from API
2025-07-04 16:24:56,296 | INFO | __main__ | Retrieved 1 fills from API
2025-07-04 16:25:06,739 | INFO | __main__ | Retrieved 1 fills from API
2025-07-04 16:25:17,008 | INFO | __main__ | Retrieved 1 fills from API
2025-07-04 16:25:27,214 | INFO | __main__ | Retrieved 1 fills from API
2025-07-04 16:25:37,434 | INFO | __main__ | Retrieved 1 fills from API
2025-07-04 16:25:47,660 | INFO | __main__ | Retrieved 1 fills from API
2025-07-04 16:25:57,869 | INFO | __main__ | Retrieved 1 fills from API
2025-07-04 16:26:08,087 | INFO | __main__ | Retrieved 1 fills from API
2025-07-04 16:26:18,339 | INFO | __main__ | Retrieved 1 fills from API
2025-07-04 16:26:28,569 | INFO | __main__ | Retrieved 1 fills from API
2025-07-04 16:26:38,823 | INFO | __main__ | Retrieved 1 fills from API
2025-07-04 16:26:49,067 | INFO | __main__ | Retrieved 1 fills from API
2025-07-04 16:26:59,528 | INFO | __main__ | Retrieved 1 fills from API
2025-07-04 16:27:09,823 | INFO | __main__ | Retrieved 1 fills from API
2025-07-04 16:27:20,036 | INFO | __main__ | Retrieved 1 fills from API
2025-07-04 16:27:30,274 | INFO | __main__ | Retrieved 1 fills from API
2025-07-04 16:27:40,563 | INFO | __main__ | Retrieved 1 fills from API
2025-07-04 16:27:50,774 | INFO | __main__ | Retrieved 1 fills from API
2025-07-04 16:28:01,043 | INFO | __main__ | Retrieved 1 fills from API
2025-07-04 16:28:11,288 | INFO | __main__ | Retrieved 1 fills from API
2025-07-04 16:28:21,525 | INFO | __main__ | Retrieved 1 fills from API
2025-07-04 16:28:31,774 | INFO | __main__ | Retrieved 1 fills from API
2025-07-04 16:28:42,005 | INFO | __main__ | Retrieved 1 fills from API
2025-07-04 16:28:52,222 | INFO | __main__ | Retrieved 1 fills from API
2025-07-04 16:29:02,498 | INFO | __main__ | Retrieved 1 fills from API
2025-07-04 16:29:12,739 | INFO | __main__ | Retrieved 1 fills from API
2025-07-04 16:29:23,012 | INFO | __main__ | Retrieved 1 fills from API
2025-07-04 16:29:33,286 | INFO | __main__ | Retrieved 1 fills from API
2025-07-04 16:29:43,512 | INFO | __main__ | Retrieved 1 fills from API
2025-07-04 16:29:53,778 | INFO | __main__ | Retrieved 1 fills from API
2025-07-04 16:30:04,248 | INFO | __main__ | Retrieved 1 fills from API
2025-07-04 16:30:14,471 | INFO | __main__ | Retrieved 1 fills from API
2025-07-04 16:30:24,908 | INFO | __main__ | Retrieved 1 fills from API
2025-07-04 16:30:35,199 | INFO | __main__ | Retrieved 1 fills from API
2025-07-04 16:30:45,571 | INFO | __main__ | Retrieved 1 fills from API
2025-07-04 16:30:55,767 | INFO | __main__ | Retrieved 1 fills from API
2025-07-04 16:31:06,002 | INFO | __main__ | Retrieved 1 fills from API
2025-07-04 16:31:16,272 | INFO | __main__ | Retrieved 1 fills from API
2025-07-04 16:31:26,476 | INFO | __main__ | Retrieved 1 fills from API
2025-07-04 16:31:36,694 | INFO | __main__ | Retrieved 1 fills from API
2025-07-04 16:31:46,942 | INFO | __main__ | Retrieved 1 fills from API
2025-07-04 16:31:57,161 | INFO | __main__ | Retrieved 1 fills from API
2025-07-04 16:32:07,421 | INFO | __main__ | Retrieved 1 fills from API
2025-07-04 16:32:17,675 | INFO | __main__ | Retrieved 1 fills from API
2025-07-04 16:32:27,888 | INFO | __main__ | Retrieved 1 fills from API
2025-07-04 16:32:38,109 | INFO | __main__ | Retrieved 1 fills from API
2025-07-04 16:32:48,329 | INFO | __main__ | Retrieved 1 fills from API
2025-07-04 16:32:58,582 | INFO | __main__ | Retrieved 1 fills from API
2025-07-04 16:33:08,854 | INFO | __main__ | Retrieved 1 fills from API
2025-07-04 16:33:19,099 | INFO | __main__ | Retrieved 1 fills from API
2025-07-04 16:33:29,654 | INFO | __main__ | Retrieved 1 fills from API
2025-07-04 16:33:39,954 | INFO | __main__ | Retrieved 1 fills from API
2025-07-04 16:33:50,157 | INFO | __main__ | Retrieved 1 fills from API
2025-07-04 16:34:00,391 | INFO | __main__ | Retrieved 1 fills from API
2025-07-04 16:34:10,594 | INFO | __main__ | Retrieved 1 fills from API
2025-07-04 16:34:20,894 | INFO | __main__ | Retrieved 1 fills from API
2025-07-04 16:34:31,128 | INFO | __main__ | Retrieved 1 fills from API
2025-07-04 16:34:41,411 | INFO | __main__ | Retrieved 1 fills from API
2025-07-04 16:34:51,642 | INFO | __main__ | Retrieved 1 fills from API
2025-07-04 16:35:01,877 | INFO | __main__ | Retrieved 1 fills from API
2025-07-04 16:35:12,101 | INFO | __main__ | Retrieved 1 fills from API
2025-07-04 16:35:22,510 | INFO | __main__ | Retrieved 1 fills from API
2025-07-04 16:35:32,716 | INFO | __main__ | Retrieved 1 fills from API
2025-07-04 16:35:43,133 | INFO | __main__ | Retrieved 1 fills from API
2025-07-04 16:35:53,355 | INFO | __main__ | Retrieved 1 fills from API
2025-07-04 16:36:03,661 | INFO | __main__ | Retrieved 1 fills from API
2025-07-04 16:36:13,888 | INFO | __main__ | Retrieved 1 fills from API
2025-07-04 16:36:24,158 | INFO | __main__ | Retrieved 1 fills from API
2025-07-04 16:36:34,350 | INFO | __main__ | Retrieved 1 fills from API
2025-07-04 16:36:44,766 | INFO | __main__ | Retrieved 1 fills from API
2025-07-04 16:36:54,965 | INFO | __main__ | Retrieved 1 fills from API
2025-07-04 16:37:05,164 | INFO | __main__ | Retrieved 1 fills from API
2025-07-04 16:37:15,452 | INFO | __main__ | Retrieved 1 fills from API
2025-07-04 16:37:25,728 | INFO | __main__ | Retrieved 1 fills from API
2025-07-04 16:37:35,977 | INFO | __main__ | Retrieved 1 fills from API
2025-07-04 16:37:46,264 | INFO | __main__ | Retrieved 1 fills from API
2025-07-04 16:37:56,491 | INFO | __main__ | Retrieved 1 fills from API
2025-07-04 16:38:06,775 | INFO | __main__ | Retrieved 1 fills from API
2025-07-04 16:38:17,108 | INFO | __main__ | Retrieved 1 fills from API
2025-07-04 16:38:27,329 | INFO | __main__ | Retrieved 1 fills from API
2025-07-04 16:38:37,697 | INFO | __main__ | Retrieved 1 fills from API
2025-07-04 16:38:47,996 | INFO | __main__ | Retrieved 1 fills from API
2025-07-04 16:38:58,206 | INFO | __main__ | Retrieved 1 fills from API
2025-07-04 16:39:08,456 | INFO | __main__ | Retrieved 1 fills from API
2025-07-04 16:39:18,749 | INFO | __main__ | Retrieved 1 fills from API
2025-07-04 16:39:29,064 | INFO | __main__ | Retrieved 1 fills from API
2025-07-04 16:39:39,279 | INFO | __main__ | Retrieved 1 fills from API
2025-07-04 16:39:49,497 | INFO | __main__ | Retrieved 1 fills from API
2025-07-04 16:39:59,789 | INFO | __main__ | Retrieved 1 fills from API
2025-07-04 16:40:10,097 | INFO | __main__ | Retrieved 1 fills from API
2025-07-04 16:40:20,396 | INFO | __main__ | Retrieved 1 fills from API
2025-07-04 16:40:30,710 | INFO | __main__ | Retrieved 1 fills from API
2025-07-04 16:40:40,990 | INFO | __main__ | Retrieved 1 fills from API
2025-07-04 16:40:51,207 | INFO | __main__ | Retrieved 1 fills from API
2025-07-04 16:41:01,423 | INFO | __main__ | Retrieved 1 fills from API
2025-07-04 16:41:11,899 | INFO | __main__ | Retrieved 1 fills from API
2025-07-04 16:41:22,175 | INFO | __main__ | Retrieved 1 fills from API
2025-07-04 16:41:32,606 | INFO | __main__ | Retrieved 1 fills from API
2025-07-04 16:41:42,887 | INFO | __main__ | Retrieved 1 fills from API
2025-07-04 16:41:53,122 | INFO | __main__ | Retrieved 1 fills from API
2025-07-04 16:42:03,428 | INFO | __main__ | Retrieved 1 fills from API
2025-07-04 16:42:13,804 | INFO | __main__ | Retrieved 1 fills from API
2025-07-04 16:42:24,102 | INFO | __main__ | Retrieved 1 fills from API
2025-07-04 16:42:34,312 | INFO | __main__ | Retrieved 1 fills from API
2025-07-04 16:42:44,528 | INFO | __main__ | Retrieved 1 fills from API
2025-07-04 16:42:54,725 | INFO | __main__ | Retrieved 1 fills from API
2025-07-04 16:43:04,947 | INFO | __main__ | Retrieved 1 fills from API
2025-07-04 16:43:15,210 | INFO | __main__ | Retrieved 1 fills from API
2025-07-04 16:43:25,474 | INFO | __main__ | Retrieved 1 fills from API
2025-07-04 16:43:35,698 | INFO | __main__ | Retrieved 1 fills from API
2025-07-04 16:43:45,951 | INFO | __main__ | Retrieved 1 fills from API
2025-07-04 16:43:56,248 | INFO | __main__ | Retrieved 1 fills from API
2025-07-04 16:44:06,457 | INFO | __main__ | Retrieved 1 fills from API
2025-07-04 16:44:16,673 | INFO | __main__ | Retrieved 1 fills from API
2025-07-04 16:44:26,892 | INFO | __main__ | Retrieved 1 fills from API
